Using pre-set license
Built from '2020.3/staging' branch; Version is '2020.3.11f1 (99c7afb366b3) revision 10078127'; Using compiler version '192528614'; Build Type 'Release'
OS: 'Windows 10 Home; OS build 19043.1052; Version 2009; 64bit' Language: 'en' Physical Memory: 7548 MB
BatchMode: 1, IsHumanControllingUs: 0, StartBugReporterOnCrash: 0, Is64bit: 1, IsPro: 0

 COMMAND LINE ARGUMENTS:
C:\Program Files\Unity\Hub\Editor\2020.3.11f1\Editor\Unity.exe
-adb2
-batchMode
-noUpm
-name
AssetImportWorker0
-projectPath
C:/D/WorkDirectory/programming/unityPrjs/Tutorial1
-logFile
Logs/AssetImportWorker0.log
-srvPort
50740
Successfully changed project path to: C:/D/WorkDirectory/programming/unityPrjs/Tutorial1
C:/D/WorkDirectory/programming/unityPrjs/Tutorial1
Using Asset Import Pipeline V2.
Refreshing native plugins compatible for Editor in 34.77 ms, found 2 plugins.
Preloading 0 native plugins for Editor in 0.00 ms.
Initialize engine version: 2020.3.11f1 (99c7afb366b3)
[Subsystems] Discovering subsystems at path C:/Program Files/Unity/Hub/Editor/2020.3.11f1/Editor/Data/Resources/UnitySubsystems
[Subsystems] Discovering subsystems at path C:/D/WorkDirectory/programming/unityPrjs/Tutorial1/Assets
GfxDevice: creating device client; threaded=0
Direct3D:
    Version:  Direct3D 11.0 [level 11.1]
    Renderer: NVIDIA GeForce RTX 3060 Laptop GPU (ID=0x2520)
    Vendor:   
    VRAM:     6023 MB
    Driver:   27.21.14.5771
Initialize mono
Mono path[0] = 'C:/Program Files/Unity/Hub/Editor/2020.3.11f1/Editor/Data/Managed'
Mono path[1] = 'C:/Program Files/Unity/Hub/Editor/2020.3.11f1/Editor/Data/MonoBleedingEdge/lib/mono/unityjit'
Mono config path = 'C:/Program Files/Unity/Hub/Editor/2020.3.11f1/Editor/Data/MonoBleedingEdge/etc'
Using monoOptions --debugger-agent=transport=dt_socket,embedding=1,server=y,suspend=n,address=127.0.0.1:56160
Begin MonoManager ReloadAssembly
Registering precompiled unity dll's ...
Register platform support module: C:/Program Files/Unity/Hub/Editor/2020.3.11f1/Editor/Data/PlaybackEngines/WindowsStandaloneSupport/UnityEditor.WindowsStandalone.Extensions.dll
Registered in 0.001586 seconds.
Native extension for WindowsStandalone target not found
Refreshing native plugins compatible for Editor in 28.97 ms, found 2 plugins.
Preloading 0 native plugins for Editor in 0.00 ms.
Mono: successfully reloaded assembly
- Completed reload, in  1.674 seconds
Platform modules already initialized, skipping
Registering precompiled user dll's ...
Registered in 0.005119 seconds.
Begin MonoManager ReloadAssembly
Native extension for WindowsStandalone target not found
Refreshing native plugins compatible for Editor in 0.46 ms, found 2 plugins.
Preloading 0 native plugins for Editor in 0.00 ms.
Mono: successfully reloaded assembly
- Completed reload, in  0.961 seconds
Platform modules already initialized, skipping
========================================================================
Worker process is ready to serve import requests
Launched and connected shader compiler UnityShaderCompiler.exe after 0.07 seconds
Refreshing native plugins compatible for Editor in 0.36 ms, found 2 plugins.
Preloading 0 native plugins for Editor in 0.00 ms.
Unloading 1415 Unused Serialized files (Serialized files now loaded: 0)
System memory in use before: 77.6 MB.
System memory in use after: 77.7 MB.

Unloading 19 unused Assets to reduce memory usage. Loaded Objects now: 1862.
Total: 2.641300 ms (FindLiveObjects: 0.156100 ms CreateObjectMapping: 0.046700 ms MarkObjects: 2.293200 ms  DeleteObjects: 0.144200 ms)

========================================================================
Received Import Request.
  path: Assets/scripts/ShowInGameMenu.cs
  artifactKey: Guid(e2df78a02d516444791806b0e244a5e6) Importer(815301076,1909f56bfc062723c751e8b465ee728b)
Start importing Assets/scripts/ShowInGameMenu.cs using Guid(e2df78a02d516444791806b0e244a5e6) Importer(815301076,1909f56bfc062723c751e8b465ee728b)  -> (artifact id: 'b9bc5c61930764acc45d696c3462e8f0') in 0.032429 seconds
  Import took 0.035335 seconds .

========================================================================
Received Prepare
Registering precompiled user dll's ...
Registered in 0.002996 seconds.
Begin MonoManager ReloadAssembly
Native extension for WindowsStandalone target not found
Refreshing native plugins compatible for Editor in 0.42 ms, found 2 plugins.
Preloading 0 native plugins for Editor in 0.00 ms.
Mono: successfully reloaded assembly
- Completed reload, in  0.765 seconds
Platform modules already initialized, skipping
Refreshing native plugins compatible for Editor in 0.38 ms, found 2 plugins.
Preloading 0 native plugins for Editor in 0.00 ms.
Unloading 1399 Unused Serialized files (Serialized files now loaded: 0)
System memory in use before: 76.4 MB.
System memory in use after: 76.5 MB.

Unloading 14 unused Assets to reduce memory usage. Loaded Objects now: 1865.
Total: 2.088200 ms (FindLiveObjects: 0.151900 ms CreateObjectMapping: 0.044100 ms MarkObjects: 1.806600 ms  DeleteObjects: 0.084900 ms)

========================================================================
Received Import Request.
  Time since last request: 155.495065 seconds.
  path: Assets/scripts/ShowInGameMenu.cs
  artifactKey: Guid(e2df78a02d516444791806b0e244a5e6) Importer(815301076,1909f56bfc062723c751e8b465ee728b)
Start importing Assets/scripts/ShowInGameMenu.cs using Guid(e2df78a02d516444791806b0e244a5e6) Importer(815301076,1909f56bfc062723c751e8b465ee728b)  -> (artifact id: '4f47413fb6e1023f33119c0e8a0f5328') in 0.005852 seconds
  Import took 0.008608 seconds .

========================================================================
Received Prepare
Registering precompiled user dll's ...
Registered in 0.003182 seconds.
Begin MonoManager ReloadAssembly
Native extension for WindowsStandalone target not found
Refreshing native plugins compatible for Editor in 0.44 ms, found 2 plugins.
Preloading 0 native plugins for Editor in 0.00 ms.
Mono: successfully reloaded assembly
- Completed reload, in  0.762 seconds
Platform modules already initialized, skipping
Refreshing native plugins compatible for Editor in 0.86 ms, found 2 plugins.
Preloading 0 native plugins for Editor in 0.00 ms.
Unloading 1399 Unused Serialized files (Serialized files now loaded: 0)
System memory in use before: 76.5 MB.
System memory in use after: 76.5 MB.

Unloading 14 unused Assets to reduce memory usage. Loaded Objects now: 1868.
Total: 2.559200 ms (FindLiveObjects: 0.282000 ms CreateObjectMapping: 0.045600 ms MarkObjects: 2.134300 ms  DeleteObjects: 0.096000 ms)

========================================================================
Received Prepare
Registering precompiled user dll's ...
Registered in 0.003130 seconds.
Begin MonoManager ReloadAssembly
Native extension for WindowsStandalone target not found
Refreshing native plugins compatible for Editor in 0.38 ms, found 2 plugins.
Preloading 0 native plugins for Editor in 0.00 ms.
Mono: successfully reloaded assembly
- Completed reload, in  0.771 seconds
Platform modules already initialized, skipping
Refreshing native plugins compatible for Editor in 0.54 ms, found 2 plugins.
Preloading 0 native plugins for Editor in 0.00 ms.
Unloading 1399 Unused Serialized files (Serialized files now loaded: 0)
System memory in use before: 76.5 MB.
System memory in use after: 76.6 MB.

Unloading 14 unused Assets to reduce memory usage. Loaded Objects now: 1871.
Total: 1.876700 ms (FindLiveObjects: 0.145400 ms CreateObjectMapping: 0.037500 ms MarkObjects: 1.600200 ms  DeleteObjects: 0.092200 ms)

========================================================================
Received Prepare
Refreshing native plugins compatible for Editor in 2.94 ms, found 2 plugins.
Preloading 0 native plugins for Editor in 0.00 ms.
Unloading 12 Unused Serialized files (Serialized files now loaded: 0)
System memory in use before: 49.0 MB.
System memory in use after: 49.1 MB.

Unloading 12 unused Assets to reduce memory usage. Loaded Objects now: 1871.
Total: 2.523400 ms (FindLiveObjects: 0.191400 ms CreateObjectMapping: 0.061600 ms MarkObjects: 2.173600 ms  DeleteObjects: 0.096300 ms)

========================================================================
Received Prepare
Registering precompiled user dll's ...
Registered in 0.004293 seconds.
Begin MonoManager ReloadAssembly
Native extension for WindowsStandalone target not found
Refreshing native plugins compatible for Editor in 0.47 ms, found 2 plugins.
Preloading 0 native plugins for Editor in 0.00 ms.
Mono: successfully reloaded assembly
- Completed reload, in  1.220 seconds
Platform modules already initialized, skipping
Refreshing native plugins compatible for Editor in 0.50 ms, found 2 plugins.
Preloading 0 native plugins for Editor in 0.00 ms.
Unloading 1399 Unused Serialized files (Serialized files now loaded: 0)
System memory in use before: 76.5 MB.
System memory in use after: 76.6 MB.

Unloading 14 unused Assets to reduce memory usage. Loaded Objects now: 1874.
Total: 2.059300 ms (FindLiveObjects: 0.155400 ms CreateObjectMapping: 0.041600 ms MarkObjects: 1.760600 ms  DeleteObjects: 0.100500 ms)

========================================================================
Received Prepare
Refreshing native plugins compatible for Editor in 2.73 ms, found 2 plugins.
Preloading 0 native plugins for Editor in 0.00 ms.
Unloading 12 Unused Serialized files (Serialized files now loaded: 0)
System memory in use before: 49.0 MB.
System memory in use after: 49.1 MB.

Unloading 12 unused Assets to reduce memory usage. Loaded Objects now: 1874.
Total: 2.537700 ms (FindLiveObjects: 0.243000 ms CreateObjectMapping: 0.089000 ms MarkObjects: 2.104500 ms  DeleteObjects: 0.100500 ms)

========================================================================
Received Prepare
Refreshing native plugins compatible for Editor in 3.66 ms, found 2 plugins.
Preloading 0 native plugins for Editor in 0.00 ms.
Unloading 12 Unused Serialized files (Serialized files now loaded: 0)
System memory in use before: 49.0 MB.
System memory in use after: 49.1 MB.

Unloading 12 unused Assets to reduce memory usage. Loaded Objects now: 1874.
Total: 3.315300 ms (FindLiveObjects: 0.294200 ms CreateObjectMapping: 0.045100 ms MarkObjects: 2.869100 ms  DeleteObjects: 0.106000 ms)

========================================================================
Received Prepare
Refreshing native plugins compatible for Editor in 2.91 ms, found 2 plugins.
Preloading 0 native plugins for Editor in 0.00 ms.
Unloading 12 Unused Serialized files (Serialized files now loaded: 0)
System memory in use before: 49.0 MB.
System memory in use after: 49.1 MB.

Unloading 12 unused Assets to reduce memory usage. Loaded Objects now: 1874.
Total: 2.421300 ms (FindLiveObjects: 0.180500 ms CreateObjectMapping: 0.071200 ms MarkObjects: 2.064400 ms  DeleteObjects: 0.104500 ms)

========================================================================
Received Prepare
Registering precompiled user dll's ...
Registered in 0.003126 seconds.
Begin MonoManager ReloadAssembly
Native extension for WindowsStandalone target not found
Refreshing native plugins compatible for Editor in 0.44 ms, found 2 plugins.
Preloading 0 native plugins for Editor in 0.00 ms.
Mono: successfully reloaded assembly
- Completed reload, in  1.085 seconds
Platform modules already initialized, skipping
Refreshing native plugins compatible for Editor in 0.39 ms, found 2 plugins.
Preloading 0 native plugins for Editor in 0.00 ms.
Unloading 1399 Unused Serialized files (Serialized files now loaded: 0)
System memory in use before: 76.5 MB.
System memory in use after: 76.6 MB.

Unloading 14 unused Assets to reduce memory usage. Loaded Objects now: 1877.
Total: 2.203000 ms (FindLiveObjects: 0.160400 ms CreateObjectMapping: 0.056200 ms MarkObjects: 1.877500 ms  DeleteObjects: 0.107800 ms)

========================================================================
Received Prepare
Refreshing native plugins compatible for Editor in 2.66 ms, found 2 plugins.
Preloading 0 native plugins for Editor in 0.00 ms.
Unloading 12 Unused Serialized files (Serialized files now loaded: 0)
System memory in use before: 49.1 MB.
System memory in use after: 49.1 MB.

Unloading 12 unused Assets to reduce memory usage. Loaded Objects now: 1877.
Total: 2.478800 ms (FindLiveObjects: 0.169900 ms CreateObjectMapping: 0.072900 ms MarkObjects: 2.129300 ms  DeleteObjects: 0.105600 ms)

AssetImportWorkerClient::OnTransportError - code=2 error=End of file
